[0.013s] Invoking command in '/home/ben/ros_ws/src/rs1/build/rs1': CMAKE_PREFIX_PATH=/home/ben/ros_ws/install/stage_ros2:/home/ben/ros_ws/install/particle_filter_localisation:/opt/ros/humble:/home/ben/ros_ws/install/stage CONDA_PROMPT_MODIFIER=(base) /usr/bin/cmake /home/ben/ros_ws/src/rs1 -DCMAKE_INSTALL_PREFIX=/home/ben/ros_ws/src/rs1/install/rs1
[0.140s] -- The C compiler identification is GNU 11.4.0
[0.536s] -- The CXX compiler identification is GNU 11.4.0
[0.794s] -- Detecting C compiler ABI info
[0.908s] -- Detecting C compiler ABI info - done
[0.916s] -- Check for working C compiler: /usr/bin/cc - skipped
[0.916s] -- Detecting C compile features
[0.916s] -- Detecting C compile features - done
[0.920s] -- Detecting CXX compiler ABI info
[1.042s] -- Detecting CXX compiler ABI info - done
[1.051s] -- Check for working CXX compiler: /usr/bin/c++ - skipped
[1.051s] -- Detecting CXX compile features
[1.052s] -- Detecting CXX compile features - done
[1.054s] -- Found ament_cmake: 1.3.12 (/opt/ros/humble/share/ament_cmake/cmake)
[1.443s] -- Found Python3: /home/ben/miniconda3/bin/python3 (found version "3.13.5") found components: Interpreter 
[2.942s] [31mCMake Error at CMakeLists.txt:11 (find_package):
[2.942s]   By not providing "Findros_ign_interfaces.cmake" in CMAKE_MODULE_PATH this
[2.942s]   project has asked CMake to find a package configuration file provided by
[2.942s]   "ros_ign_interfaces", but CMake did not find one.
[2.942s] 
[2.942s]   Could not find a package configuration file provided by
[2.943s]   "ros_ign_interfaces" with any of the following names:
[2.943s] 
[2.943s]     ros_ign_interfacesConfig.cmake
[2.943s]     ros_ign_interfaces-config.cmake
[2.943s] 
[2.943s]   Add the installation prefix of "ros_ign_interfaces" to CMAKE_PREFIX_PATH or
[2.943s]   set "ros_ign_interfaces_DIR" to a directory containing one of the above
[2.943s]   files.  If "ros_ign_interfaces" provides a separate development package or
[2.943s]   SDK, be sure it has been installed.
[2.943s] 
[2.943s] [0m
[2.943s] -- Configuring incomplete, errors occurred!
[2.943s] See also "/home/ben/ros_ws/src/rs1/build/rs1/CMakeFiles/CMakeOutput.log".
[2.947s] Invoked command in '/home/ben/ros_ws/src/rs1/build/rs1' returned '1': CMAKE_PREFIX_PATH=/home/ben/ros_ws/install/stage_ros2:/home/ben/ros_ws/install/particle_filter_localisation:/opt/ros/humble:/home/ben/ros_ws/install/stage CONDA_PROMPT_MODIFIER=(base) /usr/bin/cmake /home/ben/ros_ws/src/rs1 -DCMAKE_INSTALL_PREFIX=/home/ben/ros_ws/src/rs1/install/rs1
